<?xml version="1.0" encoding="UTF-8"?>
<!-- Generated by org.testng.reporters.JUnitReportReporter -->
<testsuite hostname="VicKy" failures="0" tests="1" name="Test_Classes.Retry_PutTc1" time="4.174" errors="0" timestamp="2023-07-06T13:08:31 IST" skipped="0">
  <testcase classname="Test_Classes.Retry_PutTc1" name="extractor" time="4.174"/>
  <system-out/>
</testsuite> <!-- Test_Classes.Retry_PutTc1 -->
